<?xml version="1.0" encoding="UTF-8"?>
<testsuite xmlns:xsi="http://www.w3.org/2001/XMLSchema-instance" xsi:noNamespaceSchemaLocation="https://maven.apache.org/surefire/maven-surefire-plugin/xsd/surefire-test-report-3.0.xsd" version="3.0" name="com.mercadolibre.be_java_hisp_w23_g2.BeJavaHispW23G2ApplicationTests" time="2.933" tests="1" errors="0" skipped="0" failures="0">
  <properties>
[...]
</properties>
  <testcase name="contextLoads" classname="com.mercadolibre.be_java_hisp_w23_g2.BeJavaHispW23G2ApplicationTests" time="0.9">
    <system-out><![CDATA[14:30:38.208 [main] INFO org.springframework.test.context.support.AnnotationConfigContextLoaderUtils -- Could not detect default configuration classes for test class [com.mercadolibre.be_java_hisp_w23_g2.BeJavaHispW23G2ApplicationTests]: BeJavaHispW23G2ApplicationTests does not declare any static, non-private, non-final, nested classes annotated with @Configuration.
14:30:38.337 [main] INFO org.springframework.boot.test.context.SpringBootTestContextBootstrapper -- Found @SpringBootConfiguration com.mercadolibre.be_java_hisp_w23_g2.BeJavaHispW23G2Application for test class com.mercadolibre.be_java_hisp_w23_g2.BeJavaHispW23G2ApplicationTests
14:30:38.538 [main] INFO org.springframework.boot.devtools.restart.RestartApplicationListener -- Restart disabled due to context in which it is running

  .   ____          _            __ _ _
 /\\ / ___'_ __ _ _(_)_ __  __ _ \ \ \ \
( ( )\___ | '_ | '_| | '_ \/ _` | \ \ \ \
 \\/  ___)| |_)| | | | | || (_| |  ) ) ) )
  '  |____| .__|_| |_|_| |_\__, | / / / /
 =========|_|==============|___/=/_/_/_/
 :: Spring Boot ::                (v3.2.0)

2023-12-15T14:30:38.802-03:00  INFO 8941 --- [           main] c.m.b.BeJavaHispW23G2ApplicationTests    : Starting BeJavaHispW23G2ApplicationTests using Java 21.0.1 with PID 8941 (started by araaquino in /Users/araaquino/Desktop/proyectos-bootcamp/grupo2-sprint1/be_java_hisp_w23_g2)
2023-12-15T14:30:38.804-03:00  INFO 8941 --- [           main] c.m.b.BeJavaHispW23G2ApplicationTests    : No active profile set, falling back to 1 default profile: "default"
2023-12-15T14:30:39.990-03:00  INFO 8941 --- [           main] c.m.b.BeJavaHispW23G2ApplicationTests    : Started BeJavaHispW23G2ApplicationTests in 1.467 seconds (process running for 2.517)
]]></system-out>
    <system-err><![CDATA[WARNING: A Java agent has been loaded dynamically (/Users/araaquino/.m2/repository/net/bytebuddy/byte-buddy-agent/1.14.10/byte-buddy-agent-1.14.10.jar)
WARNING: If a serviceability tool is in use, please run with -XX:+EnableDynamicAgentLoading to hide this warning
WARNING: If a serviceability tool is not in use, please run with -Djdk.instrument.traceUsage for more information
WARNING: Dynamic loading of agents will be disallowed by default in a future release
]]></system-err>
  </testcase>
</testsuite>